0 info it worked if it ends with ok
1 verbose cli [ 'D:\\my\\soft\\nodejs\\node.exe',
1 verbose cli   'D:\\my\\soft\\nodejs\\node_modules\\npm\\bin\\npm-cli.js',
1 verbose cli   'run',
1 verbose cli   'devserver' ]
2 info using npm@3.10.10
3 info using node@v6.9.4
4 verbose run-script [ 'predevserver', 'devserver', 'postdevserver' ]
5 info lifecycle my-project@1.0.0~predevserver: my-project@1.0.0
6 silly lifecycle my-project@1.0.0~predevserver: no script for predevserver, continuing
7 info lifecycle my-project@1.0.0~devserver: my-project@1.0.0
8 verbose lifecycle my-project@1.0.0~devserver: unsafe-perm in lifecycle true
9 verbose lifecycle my-project@1.0.0~devserver: PATH: D:\my\soft\nodejs\node_modules\npm\bin\node-gyp-bin;D:\my\web\projects\counter\node_modules\.bin;C:\Users\vnedrenie3\AppData\Roaming\npm;D:\my\soft\nodejs\;C:\Program Files\NVIDIA Corporation\PhysX\Common;C:\ProgramData\Oracle\Java\javapath;C:\Windows\system32;C:\Windows;C:\Windows\System32\Wbem;C:\Windows\System32\WindowsPowerShell\v1.0\;C:\Program Files\TortoiseSVN\bin;C:\Program Files\CineForm\Tools;C:\Program Files\Windows Kits\8.1\Windows Performance Toolkit\;C:\Program Files\Microsoft SQL Server\110\Tools\Binn\;C:\Program Files\Microsoft SQL Server\120\Tools\Binn\ManagementStudio\;C:\Program Files\Microsoft SQL Server\120\Tools\Binn\;D:\studio13\Common7\IDE\PrivateAssemblies\;C:\Program Files\Microsoft SQL Server\120\DTS\Binn\;C:\Program Files\Microsoft SDKs\TypeScript\1.0\;D:\my\soft\Git\cmd;D:\my\soft\nodejs\;.;C:\jdk\bin\;C:\Users\vnedrenie3\AppData\Roaming\npm
10 verbose lifecycle my-project@1.0.0~devserver: CWD: D:\my\web\projects\counter
11 silly lifecycle my-project@1.0.0~devserver: Args: [ '/d /s /c',
11 silly lifecycle   'webpack-dev-server --debug --hot --devtool eval-source-map --output-pathinfo --watch --colors --inline --content-base public --port 8090 --host 0.0.0.0' ]
12 verbose stack Error: kill ENOSYS
12 verbose stack     at exports._errnoException (util.js:1022:11)
12 verbose stack     at process.kill (internal/process.js:172:13)
12 verbose stack     at process.listener (D:\my\soft\nodejs\node_modules\npm\node_modules\npmlog\node_modules\gauge\node_modules\signal-exit\index.js:86:15)
12 verbose stack     at emitNone (events.js:91:20)
12 verbose stack     at process.emit (events.js:185:7)
12 verbose stack     at processEmit (D:\my\soft\nodejs\node_modules\npm\node_modules\npmlog\node_modules\gauge\node_modules\signal-exit\index.js:146:32)
12 verbose stack     at processEmit (D:\my\soft\nodejs\node_modules\npm\node_modules\npm-registry-client\node_modules\npmlog\node_modules\gauge\node_modules\signal-exit\index.js:146:32)
12 verbose stack     at Signal.wrap.onsignal (internal/process.js:199:44)
13 verbose cwd D:\my\web\projects\counter
14 error Windows_NT 6.1.7601
15 error argv "D:\\my\\soft\\nodejs\\node.exe" "D:\\my\\soft\\nodejs\\node_modules\\npm\\bin\\npm-cli.js" "run" "devserver"
16 error node v6.9.4
17 error npm  v3.10.10
18 error code ENOSYS
19 error errno ENOSYS
20 error syscall kill
21 error kill ENOSYS
22 error If you need help, you may report this error at:
22 error     <https://github.com/npm/npm/issues>
23 verbose exit [ 1, true ]
